Project_SBK02_BeagleBoneBlack                                                                                           PAGE 1
  00B0                   1     INPUT           EQU P3
  0000                   2     COUNTER         EQU 0           ;Counter di R0
  0090                   3     D               EQU P1
  00A0                   4     RS              EQU P2.0
  00A1                   5     RW              EQU P2.1
  00A2                   6     ENA             EQU P2.2
  00A5                   7     SERVO_DIR_1     EQU P2.5
  00A6                   8     SERVO_MOVE      EQU P2.6
  00A7                   9     SERVO_DIR_2     EQU P2.7
  0080                  10     Port_Matrix     EQU P0                                  ; LED_Matrix menggunakan Port 3 (bit 0-3 untu
  00FF                  11     Clear_Matrix    EQU 0FFH                                ; 11111111B untuk mengclearkan LED Matrix
  0032                  12     Delay_Matrix    EQU 032H                                ; Delay untuk LED Matrix
  0001                  13     Mode            EQU 01H                                 ; Mode Timer (TMOD)
  00FF                  14     Time_A          EQU 0FFH                                ; Konstanta untuk delay dengan timer
  00FE                  15     Time_B          EQU 0FEH                                ; Konstanta untuk delay dengan timer
  0000                  16     Clear_Delay     EQU 00H                                 ; Reset Timer (TL0)
                        17
                        18             ORG 00H
                        19     INIT:
0000 758000             20             MOV Port_Matrix,#Clear_Delay                    ; Mengclearkan LED Matrix
0003 7438               21             MOV A, #038H
0005 120059             22             LCALL perintah_LCD
0008 740E               23             MOV A, #0EH
000A 120059             24             LCALL perintah_LCD
000D 7401               25             MOV A, #01H
000F 120059             26             LCALL perintah_LCD
0012 7480               27             MOV A, #080H
0014 120059             28             LCALL perintah_LCD
0017 900A29             29             MOV DPTR, #TAMPILAN1
001A 120042             30             LCALL HEM
001D 74C0               31             MOV A, #0C0H
001F 120059             32             LCALL perintah_LCD
0022 900A3A             33             MOV DPTR, #TAMPILAN2
0025 120042             34             LCALL HEM
0028 1201C9             35             LCALL LOOPDE
002B 7401               36     INIT2:  MOV A, #001H
002D 120059             37             LCALL perintah_LCD
0030 7480               38             MOV A, #80H
0032 120059             39             LCALL perintah_LCD
0035 900A4B             40             MOV DPTR, #TAMPILAN3
0038 120042             41             LCALL HEM
003B 74C0               42             MOV A, #0C0H
003D 120059             43             LCALL perintah_LCD
0040 8033               44             SJMP MAINAN
                        45
0042 120050             46     HEM:    lcall wait
0045 E4                 47             CLR A
0046 93                 48             MOVC A, @A+DPTR
0047 6006               49             JZ DONEE
0049 120067             50             LCALL print_LCD
004C A3                 51             INC DPTR
004D 80F3               52             SJMP HEM
004F 22                 53     DONEE:  RET
                        54     wait:
0050 79FF               55                     MOV R1, #0FFH
0052 7A0F               56             wow1:   MOV R2, #00FH
0054 DAFE               57             wow2:   DJNZ R2, wow2
0056 D9FA               58                     DJNZ R1, wow1
0058 22                 59                     RET
                        60     perintah_LCD:
0059 120050             61                     LCALL wait
005C F590               62                     MOV D, A
005E C2A0               63                     CLR RS
0060 C2A1               64                     CLR RW
0062 D2A2               65                     SETB ENA
0064 C2A2               66                     CLR ENA
0066 22                 67                     RET
                        68     print_LCD:
0067 120050             69                     LCALL wait
006A F590               70                     MOV D, A
006C D2A0               71                     SETB RS
006E C2A1               72                     CLR RW
0070 D2A2               73                     SETB ENA
0072 C2A2               74                     CLR ENA
0074 22                 75                     RET
                        76
0075 750010             77     MAINAN:         MOV     COUNTER, #10H
0078 1200EA             78     MAIN:           LCALL   KEYPAD
007B B40B03             79                     CJNE    A, #11, ANGKA
007E 020078             80                     LJMP    MAIN
                        81
                        82     ;UNTUK MENYIMPAN NPM;
0081 7EFF               83     ANGKA:          MOV R6, #0FFH
0083 1201D4             84                     LCALL   LOOPSV
0086 7E2F               85                     MOV R6, #02FH
0088 1201D4             86                     LCALL   LOOPSV
008B 6430               87                     XRL     A, #30H
008D 120067             88                     LCALL   print_LCD
0090 F6                 89                     MOV     @R0, A
0091 0500               90                     INC     COUNTER
0093 B81AE2             91                     CJNE    R0, #1AH, MAIN
0096 12009C             92                     LCALL   KOMPER
0099 02002B             93                     LJMP    INIT2
                        94
                        95     ;FUNGSI UNTUK MELAKUKAN COMPARE DENGAN NPM DATA;
009C 900A00             96     KOMPER:         MOV DPTR, #NPM
009F 750010             97             LUPLUP: MOV COUNTER, #10H
00A2 E4                 98             LUP:    CLR A
00A3 93                 99                     MOVC A, @A+DPTR
00A4 8601              100                     MOV 1, @R0
00A6 B5011A            101                     CJNE A, 1, KELUP
00A9 0500              102                     INC COUNTER
00AB A3                103                     INC DPTR
00AC B81AF3            104                     CJNE R0, #1AH, LUP
00AF 7401              105                     MOV A, #01H
00B1 120059            106                     LCALL PERINTAH_LCD
00B4 7480              107                     MOV A, #80H
00B6 120059            108                     LCALL PERINTAH_LCD
00B9 900A58            109                     MOV DPTR,#TAMPILAN4
00BC 120042            110                     LCALL HEM
00BF 120160            111                     LCALL OVRES
00C2 22                112                     RET ;BENER
00C3 600D              113             KELUP:  JZ KELK
00C5 C3                114                     CLR C
00C6 C2D6              115                     CLR AC
00C8 741A              116                     MOV A, #1AH
00CA 9500              117                     SUBB A, COUNTER
00CC 2582              118                     ADD A, DPL
00CE F582              119                     MOV DPL, A
00D0 80CD              120                     SJMP LUPLUP
00D2 7401              121             KELK:   MOV A, #01H
00D4 120059            122                     LCALL PERINTAH_LCD
00D7 7480              123                     MOV A, #80H
00D9 120059            124                     LCALL PERINTAH_LCD
00DC 900A67            125                     MOV DPTR,#TAMPILAN5
00DF 120042            126                     LCALL HEM
00E2 7D4B              127                     MOV R5,#75D
00E4 120189            128             X:      LCALL MATRIKX
00E7 DDFB              129                     DJNZ R5, X
00E9 22                130                     RET
                       131                      ;SALAH
                       132
                       133     ;FUNGSI UNTUK MEMBACA KEYPAD;
00EA 75B0FF            134     KEYPAD:         MOV INPUT,#0FFH
00ED C2B0              135                     CLR INPUT.0
00EF 30B441            136                     JNB INPUT.4,SATU
00F2 30B541            137                     JNB INPUT.5,DUA
00F5 30B641            138                     JNB INPUT.6,TIGA
00F8 30B753            139                     JNB INPUT.7,AA
00FB D2B0              140                     SETB INPUT.0
00FD C2B1              141                     CLR INPUT.1
00FF 30B43A            142                     JNB INPUT.4,EMPAT
0102 30B53A            143                     JNB INPUT.5,LIMA
0105 30B63A            144                     JNB INPUT.6,ENAM
0108 30B746            145                     JNB INPUT.7,BB
010B D2B1              146                     SETB INPUT.1
010D C2B2              147                     CLR INPUT.2
010F 30B433            148                     JNB INPUT.4,TUJUH
0112 30B533            149                     JNB INPUT.5,LAPAN
0115 30B633            150                     JNB INPUT.6,SEMBIL
0118 30B739            151                     JNB INPUT.7,CC
011B D2B2              152                     SETB INPUT.2
011D C2B3              153                     CLR INPUT.3
011F 30B438            154                     JNB INPUT.4,TITIK
0122 30B50B            155                     JNB INPUT.5,NOL
0125 30B635            156                     JNB INPUT.6,PAGER
0128 30B72C            157                     JNB INPUT.7,DD
012B D2B3              158                     SETB INPUT.3
012D 740B              159                     MOV A, #11
012F 22                160                     RET
                       161
0130 7400              162             NOL:    MOV A, #0
0132 22                163                     RET
0133 7401              164             SATU:   MOV A, #1
0135 22                165                     RET
0136 7402              166             DUA:    MOV A, #2
0138 22                167                     RET
0139 7403              168             TIGA:   MOV A, #3
013B 22                169                     RET
013C 7404              170             EMPAT:  MOV A, #4
013E 22                171                     RET
013F 7405              172             LIMA:   MOV A, #5
0141 22                173                     RET
0142 7406              174             ENAM:   MOV A, #6
0144 22                175                     RET
0145 7407              176             TUJUH:  MOV A, #7
0147 22                177                     RET
0148 7408              178             LAPAN:  MOV A, #8
014A 22                179                     RET
014B 7409              180             SEMBIL: MOV A, #9
014D 22                181                     RET
014E 740B              182             AA:     MOV A, #11
0150 22                183                     RET
0151 740B              184             BB:     MOV A, #11
0153 22                185                     RET
0154 740B              186             CC:     MOV A, #11
0156 22                187                     RET
0157 740B              188             DD:     MOV A, #11
0159 22                189                     RET
015A 740B              190             TITIK:  MOV A, #11
015C 22                191                     RET
015D 740B              192             PAGER:  MOV A, #11
015F 22                193                     RET
                       194
0160 C2A7              195     OVRES:  CLR P2.7        ;SERVO BERGERAK
                       196
0162 C2A6              197             CLR P2.6        ;PUSING KANAN
0164 31C9              198             ACALL LOOPDE
0166 31C9              199             ACALL LOOPDE
0168 7E3B              200             MOV R6,#59D
016A 31D4              201             ACALL LOOPSV
016C D2A6              202             SETB P2.6
                       203
016E D2A7              204             SETB P2.7
                       205
0170 7D32              206             MOV R5,#50D
0172 31A9              207     O:      ACALL MATRIKO
0174 DDFC              208             DJNZ R5, O
                       209
0176 C2A5              210             CLR P2.5        ;BALIK
                       211
0178 C2A6              212             CLR P2.6        ;PUSING KIRI
017A 31C9              213             ACALL LOOPDE
017C 31C9              214             ACALL LOOPDE
017E 7E7B              215             MOV R6,#123D
0180 31D4              216             ACALL LOOPSV
0182 D2A6              217             SETB P2.6
                       218
0184 D2A5              219             SETB P2.5       ;KUTUB 0/0
                       220
0186 31C9              221             ACALL LOOPDE
0188 22                222             RET
                       223
0189 7580E9            224     MATRIKX:MOV P0,#0E9H
018C 7E10              225             MOV R6,#10H
018E 31D4              226             ACALL LOOPSV
0190 7580D6            227             MOV P0,#0D6H
0193 7E10              228             MOV R6,#10H
0195 31D4              229             ACALL LOOPSV
0197 7580B6            230             MOV P0,#0B6H
019A 7E10              231             MOV R6,#10H
019C 31D4              232             ACALL LOOPSV
019E 758079            233             MOV P0,#079H
01A1 7E10              234             MOV R6,#10H
01A3 31D4              235             ACALL LOOPSV
01A5 758000            236             MOV P0,#00H
01A8 22                237             RET
                       238
01A9 7580E6            239     MATRIKO:MOV P0,#0E6H
01AC 7E10              240             MOV R6,#10H
01AE 31D4              241             ACALL LOOPSV
01B0 7580D9            242             MOV P0,#0D9H
01B3 7E10              243             MOV R6,#10H
01B5 31D4              244             ACALL LOOPSV
01B7 7580B9            245             MOV P0,#0B9H
01BA 7E10              246             MOV R6,#10H
01BC 31D4              247             ACALL LOOPSV
01BE 758076            248             MOV P0,#076H
01C1 7E10              249             MOV R6,#10H
01C3 31D4              250             ACALL LOOPSV
01C5 758000            251             MOV P0,#00H
01C8 22                252             RET
                       253
01C9 7E0A              254     LOOPDE: MOV R6,#10D
01CB 7F64              255     ITER:   MOV R7,#100D
01CD 31D9              256     LOOP:   ACALL DELAY
01CF DFFC              257             DJNZ R7,LOOP
01D1 DEF8              258             DJNZ R6,ITER
01D3 22                259             RET
                       260
01D4 31D9              261     LOOPSV: ACALL DELAY
01D6 DEFC              262             DJNZ R6,LOOPSV
01D8 22                263             RET
                       264
01D9 758901            265     DELAY:  MOV TMOD,#00000001B
01DC 758CFC            266             MOV TH0,#0FCH
01DF 758A66            267             MOV TL0,#066H
01E2 D28C              268             SETB TR0
01E4 308DFD            269     HERE:   JNB TF0,HERE
01E7 C28C              270             CLR TR0
01E9 C28D              271             CLR TF0
01EB 22                272             RET
                       273
                       274     ;DEFINE VARIABEL
                       275     ORG     0A00H
0A00 3138303631        276     NPM:    DB '1806148694'
     3438363934
0A0A 3138303631        277             DB '1806148706'
     3438373036
0A14 3138303631        278             DB '1806148712'
     3438373132
0A1E 3138303631        279             DB '1806199953'
     3939393533
0A28 00                280             DB 0
                       281
0A29 53414C414D        282     TAMPILAN1:      DB 'SALAM,MAHASISWA!',0
     2C4D414841
     5349535741
     2100
0A3A 2020202020        283     TAMPILAN2:      DB '     START!     ',0
     5354415254
     2120202020
     2000
0A4B 4D4153554B        284     TAMPILAN3:      DB 'MASUKAN NPM:',0
     414E204E50
     4D3A00
0A58 53494C4148        285     TAMPILAN4:      DB 'SILAHKAN AMBIL',0
     4B414E2041
     4D42494C00
0A67 4E504D2053        286     TAMPILAN5:      DB 'NPM SALAH',0
     414C414800
                       287
                       288     END
ASSEMBLY COMPLETE, NO ERRORS FOUND, NO WARNINGS


SYMBOL TABLE:
??MCU_8051_IDE . . . . . . . . . . .  N  NUMB  8051H  NOT USED
??VERSION. . . . . . . . . . . . . .  N  NUMB  0149H  NOT USED
AA . . . . . . . . . . . . . . . . .  C  ADDR  014EH
AC . . . . . . . . . . . . . . . . .  B  ADDR  00D6H
ACC. . . . . . . . . . . . . . . . .  D  ADDR  00E0H  NOT USED
ACSR . . . . . . . . . . . . . . . .  D  ADDR  0097H  NOT USED
ADCF . . . . . . . . . . . . . . . .  D  ADDR  00F6H  NOT USED
ADCLK. . . . . . . . . . . . . . . .  D  ADDR  00F2H  NOT USED
ADCON. . . . . . . . . . . . . . . .  D  ADDR  00F3H  NOT USED
ADDH . . . . . . . . . . . . . . . .  D  ADDR  00F5H  NOT USED
ADDL . . . . . . . . . . . . . . . .  D  ADDR  00F4H  NOT USED
ANGKA. . . . . . . . . . . . . . . .  C  ADDR  0081H
AUXR . . . . . . . . . . . . . . . .  D  ADDR  008EH  NOT USED
AUXR1. . . . . . . . . . . . . . . .  D  ADDR  00A2H  NOT USED
B. . . . . . . . . . . . . . . . . .  D  ADDR  00F0H  NOT USED
BB . . . . . . . . . . . . . . . . .  C  ADDR  0151H
BDRCON . . . . . . . . . . . . . . .  D  ADDR  009BH  NOT USED
BDRCON_1 . . . . . . . . . . . . . .  D  ADDR  009CH  NOT USED
BRL. . . . . . . . . . . . . . . . .  D  ADDR  009AH  NOT USED
CC . . . . . . . . . . . . . . . . .  C  ADDR  0154H
CCAP0H . . . . . . . . . . . . . . .  D  ADDR  00FAH  NOT USED
CCAP0L . . . . . . . . . . . . . . .  D  ADDR  00EAH  NOT USED
CCAP1H . . . . . . . . . . . . . . .  D  ADDR  00FBH  NOT USED
CCAP1L . . . . . . . . . . . . . . .  D  ADDR  00EBH  NOT USED
CCAP2H . . . . . . . . . . . . . . .  D  ADDR  00FCH  NOT USED
CCAP3H . . . . . . . . . . . . . . .  D  ADDR  00FDH  NOT USED
CCAP4H . . . . . . . . . . . . . . .  D  ADDR  00FEH  NOT USED
CCAPL2H. . . . . . . . . . . . . . .  D  ADDR  00FCH  NOT USED
CCAPL2L. . . . . . . . . . . . . . .  D  ADDR  00ECH  NOT USED
CCAPL3H. . . . . . . . . . . . . . .  D  ADDR  00FDH  NOT USED
CCAPL3L. . . . . . . . . . . . . . .  D  ADDR  00EDH  NOT USED
CCAPL4H. . . . . . . . . . . . . . .  D  ADDR  00FEH  NOT USED
CCAPL4L. . . . . . . . . . . . . . .  D  ADDR  00EEH  NOT USED
CCAPM0 . . . . . . . . . . . . . . .  D  ADDR  00DAH  NOT USED
CCAPM1 . . . . . . . . . . . . . . .  D  ADDR  00DBH  NOT USED
CCAPM2 . . . . . . . . . . . . . . .  D  ADDR  00DCH  NOT USED
CCAPM3 . . . . . . . . . . . . . . .  D  ADDR  00DDH  NOT USED
CCAPM4 . . . . . . . . . . . . . . .  D  ADDR  00DEH  NOT USED
CCF0 . . . . . . . . . . . . . . . .  B  ADDR  00D8H  NOT USED
CCF1 . . . . . . . . . . . . . . . .  B  ADDR  00D9H  NOT USED
CCF2 . . . . . . . . . . . . . . . .  B  ADDR  00DAH  NOT USED
CCF3 . . . . . . . . . . . . . . . .  B  ADDR  00DBH  NOT USED
CCF4 . . . . . . . . . . . . . . . .  B  ADDR  00DCH  NOT USED
CCON . . . . . . . . . . . . . . . .  D  ADDR  00D8H  NOT USED
CFINT. . . . . . . . . . . . . . . .  C  ADDR  0033H  NOT USED
CH . . . . . . . . . . . . . . . . .  D  ADDR  00F9H  NOT USED
CKCON. . . . . . . . . . . . . . . .  D  ADDR  008FH  NOT USED
CKCON0 . . . . . . . . . . . . . . .  D  ADDR  008FH  NOT USED
CKRL . . . . . . . . . . . . . . . .  D  ADDR  0097H  NOT USED
CKSEL. . . . . . . . . . . . . . . .  D  ADDR  0085H  NOT USED
CL . . . . . . . . . . . . . . . . .  D  ADDR  00E9H  NOT USED
CLEAR_DELAY. . . . . . . . . . . . .  N  NUMB  0000H
CLEAR_MATRIX . . . . . . . . . . . .  N  NUMB  00FFH  NOT USED
CLKREG . . . . . . . . . . . . . . .  D  ADDR  008FH  NOT USED
CMOD . . . . . . . . . . . . . . . .  D  ADDR  00D9H  NOT USED
COUNTER. . . . . . . . . . . . . . .  N  NUMB  0000H
CPRL2. . . . . . . . . . . . . . . .  B  ADDR  00C8H  NOT USED
CR . . . . . . . . . . . . . . . . .  B  ADDR  00DEH  NOT USED
CT2. . . . . . . . . . . . . . . . .  B  ADDR  00C9H  NOT USED
CY . . . . . . . . . . . . . . . . .  B  ADDR  00D7H  NOT USED
D. . . . . . . . . . . . . . . . . .  N  NUMB  0090H
DD . . . . . . . . . . . . . . . . .  C  ADDR  0157H
DELAY. . . . . . . . . . . . . . . .  C  ADDR  01D9H
DELAY_MATRIX . . . . . . . . . . . .  N  NUMB  0032H  NOT USED
DONEE. . . . . . . . . . . . . . . .  C  ADDR  004FH
DP0H . . . . . . . . . . . . . . . .  D  ADDR  0083H  NOT USED
DP0L . . . . . . . . . . . . . . . .  D  ADDR  0082H  NOT USED
DP1H . . . . . . . . . . . . . . . .  D  ADDR  0085H  NOT USED
DP1L . . . . . . . . . . . . . . . .  D  ADDR  0084H  NOT USED
DPH. . . . . . . . . . . . . . . . .  D  ADDR  0083H  NOT USED
DPL. . . . . . . . . . . . . . . . .  D  ADDR  0082H
DUA. . . . . . . . . . . . . . . . .  C  ADDR  0136H
EA . . . . . . . . . . . . . . . . .  B  ADDR  00AFH  NOT USED
EC . . . . . . . . . . . . . . . . .  B  ADDR  00AEH  NOT USED
EECON. . . . . . . . . . . . . . . .  D  ADDR  0096H  NOT USED
EMPAT. . . . . . . . . . . . . . . .  C  ADDR  013CH
ENA. . . . . . . . . . . . . . . . .  N  NUMB  00A2H
ENAM . . . . . . . . . . . . . . . .  C  ADDR  0142H
ES . . . . . . . . . . . . . . . . .  B  ADDR  00ACH  NOT USED
ET0. . . . . . . . . . . . . . . . .  B  ADDR  00A9H  NOT USED
ET1. . . . . . . . . . . . . . . . .  B  ADDR  00ABH  NOT USED
ET2. . . . . . . . . . . . . . . . .  B  ADDR  00ADH  NOT USED
EX0. . . . . . . . . . . . . . . . .  B  ADDR  00A8H  NOT USED
EX1. . . . . . . . . . . . . . . . .  B  ADDR  00AAH  NOT USED
EXEN2. . . . . . . . . . . . . . . .  B  ADDR  00CBH  NOT USED
EXF2 . . . . . . . . . . . . . . . .  B  ADDR  00CEH  NOT USED
EXTI0. . . . . . . . . . . . . . . .  C  ADDR  0003H  NOT USED
EXTI1. . . . . . . . . . . . . . . .  C  ADDR  0013H  NOT USED
F0 . . . . . . . . . . . . . . . . .  B  ADDR  00D5H  NOT USED
FE . . . . . . . . . . . . . . . . .  B  ADDR  009FH  NOT USED
HEM. . . . . . . . . . . . . . . . .  C  ADDR  0042H
HERE . . . . . . . . . . . . . . . .  C  ADDR  01E4H
IE . . . . . . . . . . . . . . . . .  D  ADDR  00A8H  NOT USED
IE0. . . . . . . . . . . . . . . . .  B  ADDR  0089H  NOT USED
IE1. . . . . . . . . . . . . . . . .  B  ADDR  008BH  NOT USED
INIT . . . . . . . . . . . . . . . .  C  ADDR  0000H  NOT USED
INIT2. . . . . . . . . . . . . . . .  C  ADDR  002BH
INPUT. . . . . . . . . . . . . . . .  N  NUMB  00B0H
INT0 . . . . . . . . . . . . . . . .  B  ADDR  00B2H  NOT USED
INT1 . . . . . . . . . . . . . . . .  B  ADDR  00B3H  NOT USED
IP . . . . . . . . . . . . . . . . .  D  ADDR  00B8H  NOT USED
IPH. . . . . . . . . . . . . . . . .  D  ADDR  00B7H  NOT USED
IPH0 . . . . . . . . . . . . . . . .  D  ADDR  00B7H  NOT USED
IPH1 . . . . . . . . . . . . . . . .  D  ADDR  00B3H  NOT USED
IPL0 . . . . . . . . . . . . . . . .  D  ADDR  00B8H  NOT USED
IPL1 . . . . . . . . . . . . . . . .  D  ADDR  00B2H  NOT USED
IT0. . . . . . . . . . . . . . . . .  B  ADDR  0088H  NOT USED
IT1. . . . . . . . . . . . . . . . .  B  ADDR  008AH  NOT USED
ITER . . . . . . . . . . . . . . . .  C  ADDR  01CBH
KBE. . . . . . . . . . . . . . . . .  D  ADDR  009DH  NOT USED
KBF. . . . . . . . . . . . . . . . .  D  ADDR  009EH  NOT USED
KBLS . . . . . . . . . . . . . . . .  D  ADDR  009CH  NOT USED
KELK . . . . . . . . . . . . . . . .  C  ADDR  00D2H
KELUP. . . . . . . . . . . . . . . .  C  ADDR  00C3H
KEYPAD . . . . . . . . . . . . . . .  C  ADDR  00EAH
KOMPER . . . . . . . . . . . . . . .  C  ADDR  009CH
LAPAN. . . . . . . . . . . . . . . .  C  ADDR  0148H
LIMA . . . . . . . . . . . . . . . .  C  ADDR  013FH
LOOP . . . . . . . . . . . . . . . .  C  ADDR  01CDH
LOOPDE . . . . . . . . . . . . . . .  C  ADDR  01C9H
LOOPSV . . . . . . . . . . . . . . .  C  ADDR  01D4H
LUP. . . . . . . . . . . . . . . . .  C  ADDR  00A2H
LUPLUP . . . . . . . . . . . . . . .  C  ADDR  009FH
MAIN . . . . . . . . . . . . . . . .  C  ADDR  0078H
MAINAN . . . . . . . . . . . . . . .  C  ADDR  0075H
MATRIKO. . . . . . . . . . . . . . .  C  ADDR  01A9H
MATRIKX. . . . . . . . . . . . . . .  C  ADDR  0189H
MODE . . . . . . . . . . . . . . . .  N  NUMB  0001H  NOT USED
NOL. . . . . . . . . . . . . . . . .  C  ADDR  0130H
NPM. . . . . . . . . . . . . . . . .  C  ADDR  0A00H
O. . . . . . . . . . . . . . . . . .  C  ADDR  0172H
OSCCON . . . . . . . . . . . . . . .  D  ADDR  0086H  NOT USED
OV . . . . . . . . . . . . . . . . .  B  ADDR  00D2H  NOT USED
OVRES. . . . . . . . . . . . . . . .  C  ADDR  0160H
P. . . . . . . . . . . . . . . . . .  B  ADDR  00D0H  NOT USED
P0 . . . . . . . . . . . . . . . . .  D  ADDR  0080H
P1 . . . . . . . . . . . . . . . . .  D  ADDR  0090H  NOT USED
P1M1 . . . . . . . . . . . . . . . .  D  ADDR  00D4H  NOT USED
P1M2 . . . . . . . . . . . . . . . .  D  ADDR  00E2H  NOT USED
P2 . . . . . . . . . . . . . . . . .  D  ADDR  00A0H
P3 . . . . . . . . . . . . . . . . .  D  ADDR  00B0H  NOT USED
P3M1 . . . . . . . . . . . . . . . .  D  ADDR  00D5H  NOT USED
P3M2 . . . . . . . . . . . . . . . .  D  ADDR  00E3H  NOT USED
P4 . . . . . . . . . . . . . . . . .  D  ADDR  00C0H  NOT USED
P4M1 . . . . . . . . . . . . . . . .  D  ADDR  00D6H  NOT USED
P4M2 . . . . . . . . . . . . . . . .  D  ADDR  00E4H  NOT USED
P5 . . . . . . . . . . . . . . . . .  D  ADDR  00E8H  NOT USED
PAGER. . . . . . . . . . . . . . . .  C  ADDR  015DH
PC . . . . . . . . . . . . . . . . .  B  ADDR  00BEH  NOT USED
PCON . . . . . . . . . . . . . . . .  D  ADDR  0087H  NOT USED
PERINTAH_LCD . . . . . . . . . . . .  C  ADDR  0059H
PORT_MATRIX. . . . . . . . . . . . .  N  NUMB  0080H
PPCL . . . . . . . . . . . . . . . .  B  ADDR  00BEH  NOT USED
PRINT_LCD. . . . . . . . . . . . . .  C  ADDR  0067H
PS . . . . . . . . . . . . . . . . .  B  ADDR  00BCH  NOT USED
PSL. . . . . . . . . . . . . . . . .  B  ADDR  00BCH  NOT USED
PSW. . . . . . . . . . . . . . . . .  D  ADDR  00D0H  NOT USED
PT0. . . . . . . . . . . . . . . . .  B  ADDR  00B9H  NOT USED
PT0L . . . . . . . . . . . . . . . .  B  ADDR  00B9H  NOT USED
PT1. . . . . . . . . . . . . . . . .  B  ADDR  00BBH  NOT USED
PT1L . . . . . . . . . . . . . . . .  B  ADDR  00BBH  NOT USED
PT2. . . . . . . . . . . . . . . . .  B  ADDR  00BDH  NOT USED
PT2L . . . . . . . . . . . . . . . .  B  ADDR  00BDH  NOT USED
PX0. . . . . . . . . . . . . . . . .  B  ADDR  00B8H  NOT USED
PX0L . . . . . . . . . . . . . . . .  B  ADDR  00B8H  NOT USED
PX1. . . . . . . . . . . . . . . . .  B  ADDR  00BAH  NOT USED
PX1L . . . . . . . . . . . . . . . .  B  ADDR  00BAH  NOT USED
RB8. . . . . . . . . . . . . . . . .  B  ADDR  009AH  NOT USED
RCAP2H . . . . . . . . . . . . . . .  D  ADDR  00CBH  NOT USED
RCAP2L . . . . . . . . . . . . . . .  D  ADDR  00CAH  NOT USED
RCLK . . . . . . . . . . . . . . . .  B  ADDR  00CDH  NOT USED
RD . . . . . . . . . . . . . . . . .  B  ADDR  00B7H  NOT USED
REN. . . . . . . . . . . . . . . . .  B  ADDR  009CH  NOT USED
RESET. . . . . . . . . . . . . . . .  C  ADDR  0000H  NOT USED
RI . . . . . . . . . . . . . . . . .  B  ADDR  0098H  NOT USED
RS . . . . . . . . . . . . . . . . .  N  NUMB  00A0H
RS0. . . . . . . . . . . . . . . . .  B  ADDR  00D3H  NOT USED
RS1. . . . . . . . . . . . . . . . .  B  ADDR  00D4H  NOT USED
RW . . . . . . . . . . . . . . . . .  N  NUMB  00A1H
RXD. . . . . . . . . . . . . . . . .  B  ADDR  00B0H  NOT USED
SADDR. . . . . . . . . . . . . . . .  D  ADDR  00A9H  NOT USED
SADDR_0. . . . . . . . . . . . . . .  D  ADDR  00A9H  NOT USED
SADDR_1. . . . . . . . . . . . . . .  D  ADDR  00AAH  NOT USED
SADEN. . . . . . . . . . . . . . . .  D  ADDR  00B9H  NOT USED
SADEN_0. . . . . . . . . . . . . . .  D  ADDR  00B9H  NOT USED
SADEN_1. . . . . . . . . . . . . . .  D  ADDR  00BAH  NOT USED
SATU . . . . . . . . . . . . . . . .  C  ADDR  0133H
SBUF . . . . . . . . . . . . . . . .  D  ADDR  0099H  NOT USED
SCON . . . . . . . . . . . . . . . .  D  ADDR  0098H  NOT USED
SEMBIL . . . . . . . . . . . . . . .  C  ADDR  014BH
SERVO_DIR_1. . . . . . . . . . . . .  N  NUMB  00A5H  NOT USED
SERVO_DIR_2. . . . . . . . . . . . .  N  NUMB  00A7H  NOT USED
SERVO_MOVE . . . . . . . . . . . . .  N  NUMB  00A6H  NOT USED
SINT . . . . . . . . . . . . . . . .  C  ADDR  0023H  NOT USED
SM0. . . . . . . . . . . . . . . . .  B  ADDR  009FH  NOT USED
SM1. . . . . . . . . . . . . . . . .  B  ADDR  009EH  NOT USED
SM2. . . . . . . . . . . . . . . . .  B  ADDR  009DH  NOT USED
SP . . . . . . . . . . . . . . . . .  D  ADDR  0081H  NOT USED
SPCON. . . . . . . . . . . . . . . .  D  ADDR  00C3H  NOT USED
SPCR . . . . . . . . . . . . . . . .  D  ADDR  00D5H  NOT USED
SPDAT. . . . . . . . . . . . . . . .  D  ADDR  00C5H  NOT USED
SPDR . . . . . . . . . . . . . . . .  D  ADDR  0086H  NOT USED
SPSR . . . . . . . . . . . . . . . .  D  ADDR  00AAH  NOT USED
SPSTA. . . . . . . . . . . . . . . .  D  ADDR  00C4H  NOT USED
T0 . . . . . . . . . . . . . . . . .  B  ADDR  00B4H  NOT USED
T1 . . . . . . . . . . . . . . . . .  B  ADDR  00B5H  NOT USED
T2CON. . . . . . . . . . . . . . . .  D  ADDR  00C8H  NOT USED
T2MOD. . . . . . . . . . . . . . . .  D  ADDR  00C9H  NOT USED
TAMPILAN1. . . . . . . . . . . . . .  C  ADDR  0A29H
TAMPILAN2. . . . . . . . . . . . . .  C  ADDR  0A3AH
TAMPILAN3. . . . . . . . . . . . . .  C  ADDR  0A4BH
TAMPILAN4. . . . . . . . . . . . . .  C  ADDR  0A58H
TAMPILAN5. . . . . . . . . . . . . .  C  ADDR  0A67H
TB8. . . . . . . . . . . . . . . . .  B  ADDR  009BH  NOT USED
TCLK . . . . . . . . . . . . . . . .  B  ADDR  00CCH  NOT USED
TCON . . . . . . . . . . . . . . . .  D  ADDR  0088H  NOT USED
TF0. . . . . . . . . . . . . . . . .  B  ADDR  008DH
TF1. . . . . . . . . . . . . . . . .  B  ADDR  008FH  NOT USED
TF2. . . . . . . . . . . . . . . . .  B  ADDR  00CFH  NOT USED
TH0. . . . . . . . . . . . . . . . .  D  ADDR  008CH
TH1. . . . . . . . . . . . . . . . .  D  ADDR  008DH  NOT USED
TH2. . . . . . . . . . . . . . . . .  D  ADDR  00CDH  NOT USED
TI . . . . . . . . . . . . . . . . .  B  ADDR  0099H  NOT USED
TIGA . . . . . . . . . . . . . . . .  C  ADDR  0139H
TIMER0 . . . . . . . . . . . . . . .  C  ADDR  000BH  NOT USED
TIMER1 . . . . . . . . . . . . . . .  C  ADDR  001BH  NOT USED
TIMER2 . . . . . . . . . . . . . . .  C  ADDR  002BH  NOT USED
TIME_A . . . . . . . . . . . . . . .  N  NUMB  00FFH  NOT USED
TIME_B . . . . . . . . . . . . . . .  N  NUMB  00FEH  NOT USED
TITIK. . . . . . . . . . . . . . . .  C  ADDR  015AH
TL0. . . . . . . . . . . . . . . . .  D  ADDR  008AH
TL1. . . . . . . . . . . . . . . . .  D  ADDR  008BH  NOT USED
TL2. . . . . . . . . . . . . . . . .  D  ADDR  00CCH  NOT USED
TMOD . . . . . . . . . . . . . . . .  D  ADDR  0089H
TR0. . . . . . . . . . . . . . . . .  B  ADDR  008CH
TR1. . . . . . . . . . . . . . . . .  B  ADDR  008EH  NOT USED
TR2. . . . . . . . . . . . . . . . .  B  ADDR  00CAH  NOT USED
TUJUH. . . . . . . . . . . . . . . .  C  ADDR  0145H
TXD. . . . . . . . . . . . . . . . .  B  ADDR  00B1H  NOT USED
WAIT . . . . . . . . . . . . . . . .  C  ADDR  0050H
WDTCON . . . . . . . . . . . . . . .  D  ADDR  00A7H  NOT USED
WDTPRG . . . . . . . . . . . . . . .  D  ADDR  00A7H  NOT USED
WDTRST . . . . . . . . . . . . . . .  D  ADDR  00A6H  NOT USED
WOW1 . . . . . . . . . . . . . . . .  C  ADDR  0052H
WOW2 . . . . . . . . . . . . . . . .  C  ADDR  0054H
WR . . . . . . . . . . . . . . . . .  B  ADDR  00B6H  NOT USED
X. . . . . . . . . . . . . . . . . .  C  ADDR  00E4H